2021-08-22 20:56:03.1240  INFO Starting test: Vote.Votes.Vote
2021-08-22 20:56:03.2797 TRACE > Set up AtataContext
2021-08-22 20:56:03.3342 TRACE - Use: "Atata.json" config
2021-08-22 20:56:03.3349 TRACE - Use: "Atata.local.json" config
2021-08-22 20:56:03.3356 TRACE - Set: BaseUrl=https://www.fusohero.com.tw/vote-content.php?id=67
2021-08-22 20:56:03.3371 TRACE - Set: ElementFindTimeout=5s; ElementFindRetryInterval=0.5s
2021-08-22 20:56:03.3378 TRACE - Set: WaitingTimeout=5s; WaitingRetryInterval=0.5s
2021-08-22 20:56:03.3384 TRACE - Set: VerificationTimeout=5s; VerificationRetryInterval=0.5s
2021-08-22 20:56:03.3391 TRACE - Set: Culture=en-US
2021-08-22 20:56:03.3397 TRACE - Set: Artifacts=C:\Workspace\Vote\Vote\bin\Debug\netcoreapp3.1\artifacts\2021-08-22 20_56_03\Votes\Vote
2021-08-22 20:56:03.3475 TRACE - Set: DriverService=ChromeDriverService on port 54200
2021-08-22 20:56:03.9639 TRACE - Set: Driver=ChromeDriver (alias=chrome)
2021-08-22 20:56:03.9661 TRACE < Set up AtataContext (0.685s)
2021-08-22 20:56:03.9892  INFO Go to "Vote" page
2021-08-22 20:56:04.0083  INFO Go to URL "https://www.fusohero.com.tw/vote-content.php?id=67"
2021-08-22 20:56:05.1154  INFO Go to URL "https://bewisse.com/add?X-Forwarded-For=210.212.145.105"
2021-08-22 20:56:06.8890  INFO Go to "Vote" page
2021-08-22 20:56:06.8912  INFO > Click "Vote Btn" link
2021-08-22 20:56:06.8934 TRACE - > Execute behavior ClickUsingClickMethodAttribute against "Vote Btn" link
2021-08-22 20:56:06.9124 TRACE - - > Find visible element by XPath ".//*[contains(concat(' ', normalize-space(@class), ' '), ' votebtn ')]/descendant-or-self::a" in ChromeDriver
2021-08-22 20:56:11.9350 TRACE - - < Find visible element by XPath ".//*[contains(concat(' ', normalize-space(@class), ' '), ' votebtn ')]/descendant-or-self::a" in ChromeDriver (5.022s) >> OpenQA.Selenium.NoSuchElementException: Unable to locate visible element...
2021-08-22 20:56:11.9363 TRACE - < Execute behavior ClickUsingClickMethodAttribute against "Vote Btn" link (5.042s) >> OpenQA.Selenium.NoSuchElementException: Unable to locate visible element...
2021-08-22 20:56:11.9367  INFO < Click "Vote Btn" link (5.045s) >> OpenQA.Selenium.NoSuchElementException: Unable to locate visible element...
2021-08-22 20:56:11.9612 ERROR OpenQA.Selenium.NoSuchElementException : Unable to locate visible element:
- By: XPath ".//*[contains(concat(' ', normalize-space(@class), ' '), ' votebtn ')]/descendant-or-self::a"
- Search time: 5.018s
- Search options: {Visibility=Visible, Timeout=5s, RetryInterval=0.5s, IsSafely=False}
   at Atata.ExtendedSearchContext`1.Find(By by)
   at Atata.ExtendedSearchContext`1.FindElement(By by)
   at Atata.ISearchContextExtensions.Get[T](T searchContext, By by)
   at Atata.ISearchContextLoggingExtensions.<>c__DisplayClass0_0.<GetWithLogging>b__0()
   at Atata.LogManager.ExecuteSection[TResult](LogSection section, Func`1 function)
   at Atata.ISearchContextLoggingExtensions.GetWithLogging(ISearchContext searchContext, By by)
   at Atata.XPathComponentScopeFindResult.Get(String xPathCondition)
   at Atata.StrategyScopeLocator.<>c__DisplayClass3_0.<GetElement>b__0(XPathComponentScopeFindResult x)
   at System.Linq.Enumerable.SelectArrayIterator`2.MoveNext()
   at System.Linq.Enumerable.TryGetFirst[TSource](IEnumerable`1 source, Func`2 predicate, Boolean& found)
   at System.Linq.Enumerable.FirstOrDefault[TSource](IEnumerable`1 source, Func`2 predicate)
   at Atata.StrategyScopeLocator.GetElement(SearchOptions searchOptions, String xPathCondition)
   at Atata.UIComponent`1.OnGetScopeElement(SearchOptions searchOptions)
   at Atata.UIComponent.GetScopeElement(SearchOptions searchOptions)
   at Atata.UIComponent.get_Scope()
   at Atata.ClickUsingClickMethodAttribute.Execute[TOwner](IUIComponent`1 component)
   at Atata.Control`1.<>c__DisplayClass12_0.<OnClick>b__0()
   at Atata.LogManager.ExecuteSection(LogSection section, Action action)
   at Atata.Control`1.OnClick()
   at Atata.LogManager.ExecuteSection(LogSection section, Action action)
   at Atata.Control`1.Click()
   at Vote.Votes.Clickbtn() in C:\Workspace\Vote\Vote\Votes.cs:line 42
   at Vote.Votes.Vote() in C:\Workspace\Vote\Vote\Votes.cs:line 50
   at NUnit.Framework.Internal.TaskAwaitAdapter.GenericAdapter`1.GetResult()
   at NUnit.Framework.Internal.AsyncToSyncAdapter.Await(Func`1 invoke)
   at NUnit.Framework.Internal.Commands.TestMethodCommand.RunTestMethod(TestExecutionContext context)
   at NUnit.Framework.Internal.Commands.TestMethodCommand.Execute(TestExecutionContext context)
   at NUnit.Framework.Internal.Commands.BeforeAndAfterTestCommand.<>c__DisplayClass1_0.<Execute>b__0()
   at NUnit.Framework.Internal.Commands.BeforeAndAfterTestCommand.RunTestMethodInThreadAbortSafeZone(TestExecutionContext context, Action action)
2021-08-22 20:56:11.9634  INFO Take screenshot #01 - Failed
2021-08-22 20:56:12.0775  INFO Screenshot saved to file "C:\Workspace\Vote\Vote\bin\Debug\netcoreapp3.1\artifacts\2021-08-22 20_56_03\Votes\Vote\01 - Vote page - Failed.png"
2021-08-22 20:56:12.0795 ERROR OpenQA.Selenium.NoSuchElementException : Unable to locate visible element:
- By: XPath ".//*[contains(concat(' ', normalize-space(@class), ' '), ' votebtn ')]/descendant-or-self::a"
- Search time: 5.018s
- Search options: {Visibility=Visible, Timeout=5s, RetryInterval=0.5s, IsSafely=False}
   at Atata.ExtendedSearchContext`1.Find(By by)
   at Atata.ExtendedSearchContext`1.FindElement(By by)
   at Atata.ISearchContextExtensions.Get[T](T searchContext, By by)
   at Atata.ISearchContextLoggingExtensions.<>c__DisplayClass0_0.<GetWithLogging>b__0()
   at Atata.LogManager.ExecuteSection[TResult](LogSection section, Func`1 function)
   at Atata.ISearchContextLoggingExtensions.GetWithLogging(ISearchContext searchContext, By by)
   at Atata.XPathComponentScopeFindResult.Get(String xPathCondition)
   at Atata.StrategyScopeLocator.<>c__DisplayClass3_0.<GetElement>b__0(XPathComponentScopeFindResult x)
   at System.Linq.Enumerable.SelectArrayIterator`2.MoveNext()
   at System.Linq.Enumerable.TryGetFirst[TSource](IEnumerable`1 source, Func`2 predicate, Boolean& found)
   at System.Linq.Enumerable.FirstOrDefault[TSource](IEnumerable`1 source, Func`2 predicate)
   at Atata.StrategyScopeLocator.GetElement(SearchOptions searchOptions, String xPathCondition)
   at Atata.UIComponent`1.OnGetScopeElement(SearchOptions searchOptions)
   at Atata.UIComponent.GetScopeElement(SearchOptions searchOptions)
   at Atata.UIComponent.get_Scope()
   at Atata.ClickUsingClickMethodAttribute.Execute[TOwner](IUIComponent`1 component)
   at Atata.Control`1.<>c__DisplayClass12_0.<OnClick>b__0()
   at Atata.LogManager.ExecuteSection(LogSection section, Action action)
   at Atata.Control`1.OnClick()
   at Atata.LogManager.ExecuteSection(LogSection section, Action action)
   at Atata.Control`1.Click()
   at Vote.Votes.Clickbtn() in C:\Workspace\Vote\Vote\Votes.cs:line 42
   at Vote.Votes.Vote() in C:\Workspace\Vote\Vote\Votes.cs:line 50
   at NUnit.Framework.Internal.TaskAwaitAdapter.GenericAdapter`1.GetResult()
   at NUnit.Framework.Internal.AsyncToSyncAdapter.Await(Func`1 invoke)
   at NUnit.Framework.Internal.Commands.TestMethodCommand.RunTestMethod(TestExecutionContext context)
   at NUnit.Framework.Internal.Commands.TestMethodCommand.Execute(TestExecutionContext context)
   at NUnit.Framework.Internal.Commands.BeforeAndAfterTestCommand.<>c__DisplayClass1_0.<Execute>b__0()
   at NUnit.Framework.Internal.Commands.BeforeAndAfterTestCommand.RunTestMethodInThreadAbortSafeZone(TestExecutionContext context, Action action)
2021-08-22 20:56:12.0800  INFO Take screenshot #02 - Failed
2021-08-22 20:56:12.1737  INFO Screenshot saved to file "C:\Workspace\Vote\Vote\bin\Debug\netcoreapp3.1\artifacts\2021-08-22 20_56_03\Votes\Vote\02 - Vote page - Failed.png"
2021-08-22 20:56:12.1746  INFO > Clean up AtataContext
2021-08-22 20:56:12.2752  INFO < Clean up AtataContext (0.100s)
2021-08-22 20:56:12.2766  INFO Finished test (9.212s)
2021-08-22 20:56:12.2772  INFO Pure test execution time: 7.986s
